[07-Oct-2024 14:55:45 UTC] PHP Parse error:  syntax error, unexpected token "if", expecting ")" in /var/www/html/wp-content/themes/sage/options.php on line 59
[07-Oct-2024 15:08:14 UTC] PHP Warning:  Undefined array key "fileup_nonce" in /var/www/html/wp-content/themes/sage/options.php on line 49
[07-Oct-2024 15:10:13 UTC] PHP Parse error:  syntax error, unexpected token ")" in /var/www/html/wp-content/themes/sage/options.php on line 49
[07-Oct-2024 15:17:38 UTC] PHP Fatal error:  Uncaught Error: Call to undefined function wp_handle_upload() in /var/www/html/wp-content/themes/sage/options.php:50
Stack trace:
#0 /var/www/html/wp-includes/class-wp-hook.php(324): {closure}('')
#1 /var/www/html/wp-includes/class-wp-hook.php(348): WP_Hook->apply_filters(NULL, Array)
#2 /var/www/html/wp-includes/plugin.php(517): WP_Hook->do_action(Array)
#3 /var/www/html/wp-settings.php(700): do_action('init')
#4 /var/www/html/wp-config.php(46): require_once('/var/www/html/w...')
#5 /var/www/html/wp-load.php(50): require_once('/var/www/html/w...')
#6 /var/www/html/wp-admin/admin.php(34): require_once('/var/www/html/w...')
#7 {main}
  thrown in /var/www/html/wp-content/themes/sage/options.php on line 50
[07-Oct-2024 15:18:58 UTC] PHP Fatal error:  Uncaught Error: Call to undefined function wp_handle_upload() in /var/www/html/wp-content/themes/sage/options.php:50
Stack trace:
#0 /var/www/html/wp-includes/class-wp-hook.php(324): {closure}('')
#1 /var/www/html/wp-includes/class-wp-hook.php(348): WP_Hook->apply_filters(NULL, Array)
#2 /var/www/html/wp-includes/plugin.php(517): WP_Hook->do_action(Array)
#3 /var/www/html/wp-settings.php(700): do_action('init')
#4 /var/www/html/wp-config.php(46): require_once('/var/www/html/w...')
#5 /var/www/html/wp-load.php(50): require_once('/var/www/html/w...')
#6 /var/www/html/wp-admin/admin.php(34): require_once('/var/www/html/w...')
#7 {main}
  thrown in /var/www/html/wp-content/themes/sage/options.php on line 50
[07-Oct-2024 15:24:19 UTC] PHP Warning:  Undefined array key "url" in /var/www/html/wp-content/themes/sage/options.php on line 58
[07-Oct-2024 15:25:26 UTC] PHP Warning:  Undefined array key "url" in /var/www/html/wp-content/themes/sage/options.php on line 58
[07-Oct-2024 15:29:03 UTC] PHP Warning:  Undefined array key "url" in /var/www/html/wp-content/themes/sage/options.php on line 54
[07-Oct-2024 15:29:07 UTC] PHP Warning:  Undefined array key "url" in /var/www/html/wp-content/themes/sage/options.php on line 54
[07-Oct-2024 15:30:55 UTC] PHP Warning:  Undefined array key "url" in /var/www/html/wp-content/themes/sage/options.php on line 60
[07-Oct-2024 15:33:38 UTC] PHP Warning:  Undefined array key "url" in /var/www/html/wp-content/themes/sage/options.php on line 64
[07-Oct-2024 15:34:19 UTC] PHP Warning:  Undefined array key "url" in /var/www/html/wp-content/themes/sage/options.php on line 64
[07-Oct-2024 15:34:23 UTC] PHP Warning:  Undefined array key "url" in /var/www/html/wp-content/themes/sage/options.php on line 64
[07-Oct-2024 15:36:24 UTC] PHP Parse error:  syntax error, unexpected token "<", expecting end of file in /var/www/html/wp-content/themes/sage/options.php on line 56
[07-Oct-2024 15:38:48 UTC] PHP Warning:  Undefined array key "url" in /var/www/html/wp-content/themes/sage/options.php on line 60
[07-Oct-2024 15:39:13 UTC] PHP Warning:  Undefined array key "url" in /var/www/html/wp-content/themes/sage/options.php on line 60
[07-Oct-2024 15:39:23 UTC] PHP Warning:  Undefined array key "url" in /var/www/html/wp-content/themes/sage/options.php on line 60
[07-Oct-2024 15:39:33 UTC] PHP Warning:  Undefined array key "url" in /var/www/html/wp-content/themes/sage/options.php on line 60
[07-Oct-2024 15:39:57 UTC] PHP Warning:  Undefined array key "url" in /var/www/html/wp-content/themes/sage/options.php on line 60
[07-Oct-2024 15:41:00 UTC] PHP Warning:  Undefined array key "full_name" in /var/www/html/wp-content/themes/sage/options.php on line 62
[07-Oct-2024 15:41:00 UTC] PHP Warning:  Undefined array key "gender" in /var/www/html/wp-content/themes/sage/options.php on line 63
[07-Oct-2024 15:41:03 UTC] PHP Warning:  Undefined array key "url" in /var/www/html/wp-content/themes/sage/options.php on line 60
[07-Oct-2024 15:41:03 UTC] PHP Warning:  Undefined array key "full_name" in /var/www/html/wp-content/themes/sage/options.php on line 62
[07-Oct-2024 15:41:03 UTC] PHP Warning:  Undefined array key "gender" in /var/www/html/wp-content/themes/sage/options.php on line 63
[07-Oct-2024 15:41:07 UTC] PHP Warning:  Undefined array key "url" in /var/www/html/wp-content/themes/sage/options.php on line 60
[07-Oct-2024 15:41:07 UTC] PHP Warning:  Undefined array key "full_name" in /var/www/html/wp-content/themes/sage/options.php on line 62
[07-Oct-2024 15:41:07 UTC] PHP Warning:  Undefined array key "gender" in /var/www/html/wp-content/themes/sage/options.php on line 63
[07-Oct-2024 15:41:11 UTC] PHP Warning:  Undefined array key "url" in /var/www/html/wp-content/themes/sage/options.php on line 60
[07-Oct-2024 15:41:11 UTC] PHP Warning:  Undefined array key "full_name" in /var/www/html/wp-content/themes/sage/options.php on line 62
[07-Oct-2024 15:41:11 UTC] PHP Warning:  Undefined array key "gender" in /var/www/html/wp-content/themes/sage/options.php on line 63
[07-Oct-2024 15:41:13 UTC] PHP Warning:  Undefined array key "full_name" in /var/www/html/wp-content/themes/sage/options.php on line 62
[07-Oct-2024 15:41:13 UTC] PHP Warning:  Undefined array key "gender" in /var/www/html/wp-content/themes/sage/options.php on line 63
[07-Oct-2024 15:41:37 UTC] PHP Warning:  Undefined array key "url" in /var/www/html/wp-content/themes/sage/options.php on line 60
[07-Oct-2024 15:41:37 UTC] PHP Warning:  Undefined array key "full_name" in /var/www/html/wp-content/themes/sage/options.php on line 62
[07-Oct-2024 15:41:37 UTC] PHP Warning:  Undefined array key "gender" in /var/www/html/wp-content/themes/sage/options.php on line 63
[07-Oct-2024 15:41:43 UTC] PHP Warning:  Undefined array key "full_name" in /var/www/html/wp-content/themes/sage/options.php on line 62
[07-Oct-2024 15:41:43 UTC] PHP Warning:  Undefined array key "gender" in /var/www/html/wp-content/themes/sage/options.php on line 63
[07-Oct-2024 15:41:51 UTC] PHP Warning:  Undefined array key "full_name" in /var/www/html/wp-content/themes/sage/options.php on line 62
[07-Oct-2024 15:41:51 UTC] PHP Warning:  Undefined array key "gender" in /var/www/html/wp-content/themes/sage/options.php on line 63
[07-Oct-2024 15:41:54 UTC] PHP Warning:  Undefined array key "url" in /var/www/html/wp-content/themes/sage/options.php on line 60
[07-Oct-2024 15:43:04 UTC] PHP Warning:  Undefined array key "full_name" in /var/www/html/wp-content/themes/sage/options.php on line 61
[07-Oct-2024 15:43:04 UTC] PHP Warning:  Undefined array key "gender" in /var/www/html/wp-content/themes/sage/options.php on line 62
[08-Oct-2024 03:52:14 UTC] PHP Warning:  Undefined array key "full_name" in /var/www/html/wp-content/themes/sage/options.php on line 61
[08-Oct-2024 03:52:14 UTC] PHP Warning:  Undefined array key "gender" in /var/www/html/wp-content/themes/sage/options.php on line 62
[08-Oct-2024 03:52:15 UTC] PHP Warning:  Undefined array key "full_name" in /var/www/html/wp-content/themes/sage/options.php on line 61
[08-Oct-2024 03:52:15 UTC] PHP Warning:  Undefined array key "gender" in /var/www/html/wp-content/themes/sage/options.php on line 62
[08-Oct-2024 03:52:16 UTC] Automatic updates starting...
[08-Oct-2024 03:52:19 UTC] Automatic updates complete.
[08-Oct-2024 03:52:19 UTC] PHP Warning:  Undefined array key "full_name" in /var/www/html/wp-content/themes/sage/options.php on line 61
[08-Oct-2024 03:52:19 UTC] PHP Warning:  Undefined array key "gender" in /var/www/html/wp-content/themes/sage/options.php on line 62
[08-Oct-2024 03:52:29 UTC] PHP Warning:  Undefined array key "full_name" in /var/www/html/wp-content/themes/sage/options.php on line 61
[08-Oct-2024 03:52:29 UTC] PHP Warning:  Undefined array key "gender" in /var/www/html/wp-content/themes/sage/options.php on line 62
[08-Oct-2024 03:52:37 UTC] PHP Warning:  Undefined array key "full_name" in /var/www/html/wp-content/themes/sage/options.php on line 61
[08-Oct-2024 03:52:37 UTC] PHP Warning:  Undefined array key "gender" in /var/www/html/wp-content/themes/sage/options.php on line 62
[08-Oct-2024 03:52:56 UTC] PHP Warning:  Undefined array key "full_name" in /var/www/html/wp-content/themes/sage/options.php on line 61
[08-Oct-2024 03:52:56 UTC] PHP Warning:  Undefined array key "gender" in /var/www/html/wp-content/themes/sage/options.php on line 62
[08-Oct-2024 03:52:58 UTC] PHP Warning:  Undefined array key "full_name" in /var/www/html/wp-content/themes/sage/options.php on line 61
[08-Oct-2024 03:52:58 UTC] PHP Warning:  Undefined array key "gender" in /var/www/html/wp-content/themes/sage/options.php on line 62
[08-Oct-2024 03:53:13 UTC] PHP Warning:  Undefined array key "full_name" in /var/www/html/wp-content/themes/sage/options.php on line 61
[08-Oct-2024 03:53:13 UTC] PHP Warning:  Undefined array key "gender" in /var/www/html/wp-content/themes/sage/options.php on line 62
[08-Oct-2024 03:53:19 UTC] PHP Warning:  Undefined array key "full_name" in /var/www/html/wp-content/themes/sage/options.php on line 61
[08-Oct-2024 03:53:19 UTC] PHP Warning:  Undefined array key "gender" in /var/www/html/wp-content/themes/sage/options.php on line 62
[08-Oct-2024 03:53:20 UTC] PHP Warning:  Undefined array key "full_name" in /var/www/html/wp-content/themes/sage/options.php on line 61
[08-Oct-2024 03:53:20 UTC] PHP Warning:  Undefined array key "gender" in /var/www/html/wp-content/themes/sage/options.php on line 62
[08-Oct-2024 03:53:20 UTC] PHP Warning:  Undefined array key "full_name" in /var/www/html/wp-content/themes/sage/options.php on line 61
[08-Oct-2024 03:53:20 UTC] PHP Warning:  Undefined array key "gender" in /var/www/html/wp-content/themes/sage/options.php on line 62
[08-Oct-2024 03:53:31 UTC] PHP Warning:  Undefined array key "full_name" in /var/www/html/wp-content/themes/sage/options.php on line 61
[08-Oct-2024 03:53:31 UTC] PHP Warning:  Undefined array key "gender" in /var/www/html/wp-content/themes/sage/options.php on line 62
[08-Oct-2024 03:53:32 UTC] PHP Warning:  Undefined array key "full_name" in /var/www/html/wp-content/themes/sage/options.php on line 61
[08-Oct-2024 03:53:32 UTC] PHP Warning:  Undefined array key "gender" in /var/www/html/wp-content/themes/sage/options.php on line 62
[08-Oct-2024 03:53:47 UTC] PHP Warning:  Undefined array key "full_name" in /var/www/html/wp-content/themes/sage/options.php on line 61
[08-Oct-2024 03:53:47 UTC] PHP Warning:  Undefined array key "gender" in /var/www/html/wp-content/themes/sage/options.php on line 62
[08-Oct-2024 03:53:47 UTC] PHP Warning:  Undefined array key "full_name" in /var/www/html/wp-content/themes/sage/options.php on line 61
[08-Oct-2024 03:53:47 UTC] PHP Warning:  Undefined array key "gender" in /var/www/html/wp-content/themes/sage/options.php on line 62
[08-Oct-2024 03:53:47 UTC] PHP Warning:  Undefined array key "full_name" in /var/www/html/wp-content/themes/sage/options.php on line 61
[08-Oct-2024 03:53:47 UTC] PHP Warning:  Undefined array key "gender" in /var/www/html/wp-content/themes/sage/options.php on line 62
[08-Oct-2024 03:53:56 UTC] PHP Warning:  Undefined array key "full_name" in /var/www/html/wp-content/themes/sage/options.php on line 61
[08-Oct-2024 03:53:56 UTC] PHP Warning:  Undefined array key "gender" in /var/www/html/wp-content/themes/sage/options.php on line 62
[08-Oct-2024 03:53:57 UTC] PHP Warning:  Undefined array key "full_name" in /var/www/html/wp-content/themes/sage/options.php on line 61
[08-Oct-2024 03:53:57 UTC] PHP Warning:  Undefined array key "gender" in /var/www/html/wp-content/themes/sage/options.php on line 62
[08-Oct-2024 03:54:12 UTC] PHP Warning:  Undefined array key "full_name" in /var/www/html/wp-content/themes/sage/options.php on line 61
[08-Oct-2024 03:54:12 UTC] PHP Warning:  Undefined array key "gender" in /var/www/html/wp-content/themes/sage/options.php on line 62
[08-Oct-2024 03:54:27 UTC] PHP Warning:  Undefined array key "full_name" in /var/www/html/wp-content/themes/sage/options.php on line 61
[08-Oct-2024 03:54:27 UTC] PHP Warning:  Undefined array key "gender" in /var/www/html/wp-content/themes/sage/options.php on line 62
[08-Oct-2024 03:54:42 UTC] PHP Warning:  Undefined array key "full_name" in /var/www/html/wp-content/themes/sage/options.php on line 61
[08-Oct-2024 03:54:42 UTC] PHP Warning:  Undefined array key "gender" in /var/www/html/wp-content/themes/sage/options.php on line 62
[08-Oct-2024 03:54:57 UTC] PHP Warning:  Undefined array key "full_name" in /var/www/html/wp-content/themes/sage/options.php on line 61
[08-Oct-2024 03:54:57 UTC] PHP Warning:  Undefined array key "gender" in /var/www/html/wp-content/themes/sage/options.php on line 62
[08-Oct-2024 03:55:12 UTC] PHP Warning:  Undefined array key "full_name" in /var/www/html/wp-content/themes/sage/options.php on line 61
[08-Oct-2024 03:55:12 UTC] PHP Warning:  Undefined array key "gender" in /var/www/html/wp-content/themes/sage/options.php on line 62
[08-Oct-2024 03:55:27 UTC] PHP Warning:  Undefined array key "full_name" in /var/www/html/wp-content/themes/sage/options.php on line 61
[08-Oct-2024 03:55:27 UTC] PHP Warning:  Undefined array key "gender" in /var/www/html/wp-content/themes/sage/options.php on line 62
[08-Oct-2024 03:55:42 UTC] PHP Warning:  Undefined array key "full_name" in /var/www/html/wp-content/themes/sage/options.php on line 61
[08-Oct-2024 03:55:42 UTC] PHP Warning:  Undefined array key "gender" in /var/www/html/wp-content/themes/sage/options.php on line 62
[08-Oct-2024 03:55:45 UTC] PHP Warning:  Undefined array key "full_name" in /var/www/html/wp-content/themes/sage/options.php on line 61
[08-Oct-2024 03:55:45 UTC] PHP Warning:  Undefined array key "gender" in /var/www/html/wp-content/themes/sage/options.php on line 62
[08-Oct-2024 03:55:48 UTC] PHP Warning:  Undefined array key "full_name" in /var/www/html/wp-content/themes/sage/options.php on line 61
[08-Oct-2024 03:55:48 UTC] PHP Warning:  Undefined array key "gender" in /var/www/html/wp-content/themes/sage/options.php on line 62
[08-Oct-2024 03:55:50 UTC] PHP Warning:  Undefined array key "full_name" in /var/www/html/wp-content/themes/sage/options.php on line 61
[08-Oct-2024 03:55:50 UTC] PHP Warning:  Undefined array key "gender" in /var/www/html/wp-content/themes/sage/options.php on line 62
[08-Oct-2024 03:55:57 UTC] PHP Warning:  Undefined array key "full_name" in /var/www/html/wp-content/themes/sage/options.php on line 61
[08-Oct-2024 03:55:57 UTC] PHP Warning:  Undefined array key "gender" in /var/www/html/wp-content/themes/sage/options.php on line 62
[08-Oct-2024 03:56:08 UTC] PHP Warning:  Undefined array key "full_name" in /var/www/html/wp-content/themes/sage/options.php on line 61
[08-Oct-2024 03:56:08 UTC] PHP Warning:  Undefined array key "gender" in /var/www/html/wp-content/themes/sage/options.php on line 62
[08-Oct-2024 03:56:12 UTC] PHP Warning:  Undefined array key "full_name" in /var/www/html/wp-content/themes/sage/options.php on line 61
[08-Oct-2024 03:56:12 UTC] PHP Warning:  Undefined array key "gender" in /var/www/html/wp-content/themes/sage/options.php on line 62
[08-Oct-2024 03:56:27 UTC] PHP Warning:  Undefined array key "full_name" in /var/www/html/wp-content/themes/sage/options.php on line 61
[08-Oct-2024 03:56:27 UTC] PHP Warning:  Undefined array key "gender" in /var/www/html/wp-content/themes/sage/options.php on line 62
[08-Oct-2024 03:56:42 UTC] PHP Warning:  Undefined array key "full_name" in /var/www/html/wp-content/themes/sage/options.php on line 61
[08-Oct-2024 03:56:42 UTC] PHP Warning:  Undefined array key "gender" in /var/www/html/wp-content/themes/sage/options.php on line 62
[08-Oct-2024 03:56:57 UTC] PHP Warning:  Undefined array key "full_name" in /var/www/html/wp-content/themes/sage/options.php on line 61
[08-Oct-2024 03:56:57 UTC] PHP Warning:  Undefined array key "gender" in /var/www/html/wp-content/themes/sage/options.php on line 62
[08-Oct-2024 03:57:04 UTC] PHP Warning:  Undefined array key "full_name" in /var/www/html/wp-content/themes/sage/options.php on line 61
[08-Oct-2024 03:57:04 UTC] PHP Warning:  Undefined array key "gender" in /var/www/html/wp-content/themes/sage/options.php on line 62
[08-Oct-2024 03:57:12 UTC] PHP Warning:  Undefined array key "full_name" in /var/www/html/wp-content/themes/sage/options.php on line 61
[08-Oct-2024 03:57:12 UTC] PHP Warning:  Undefined array key "gender" in /var/www/html/wp-content/themes/sage/options.php on line 62
[08-Oct-2024 03:57:27 UTC] PHP Warning:  Undefined array key "full_name" in /var/www/html/wp-content/themes/sage/options.php on line 61
[08-Oct-2024 03:57:27 UTC] PHP Warning:  Undefined array key "gender" in /var/www/html/wp-content/themes/sage/options.php on line 62
[08-Oct-2024 03:57:42 UTC] PHP Warning:  Undefined array key "full_name" in /var/www/html/wp-content/themes/sage/options.php on line 61
[08-Oct-2024 03:57:42 UTC] PHP Warning:  Undefined array key "gender" in /var/www/html/wp-content/themes/sage/options.php on line 62
[08-Oct-2024 03:57:52 UTC] PHP Warning:  Undefined array key "full_name" in /var/www/html/wp-content/themes/sage/options.php on line 61
[08-Oct-2024 03:57:52 UTC] PHP Warning:  Undefined array key "gender" in /var/www/html/wp-content/themes/sage/options.php on line 62
[08-Oct-2024 03:57:57 UTC] PHP Warning:  Undefined array key "full_name" in /var/www/html/wp-content/themes/sage/options.php on line 61
[08-Oct-2024 03:57:57 UTC] PHP Warning:  Undefined array key "gender" in /var/www/html/wp-content/themes/sage/options.php on line 62
[08-Oct-2024 03:58:12 UTC] PHP Warning:  Undefined array key "full_name" in /var/www/html/wp-content/themes/sage/options.php on line 61
[08-Oct-2024 03:58:12 UTC] PHP Warning:  Undefined array key "gender" in /var/www/html/wp-content/themes/sage/options.php on line 62
[08-Oct-2024 03:58:17 UTC] PHP Warning:  Undefined array key "full_name" in /var/www/html/wp-content/themes/sage/options.php on line 61
[08-Oct-2024 03:58:17 UTC] PHP Warning:  Undefined array key "gender" in /var/www/html/wp-content/themes/sage/options.php on line 62
[08-Oct-2024 03:58:27 UTC] PHP Warning:  Undefined array key "full_name" in /var/www/html/wp-content/themes/sage/options.php on line 61
[08-Oct-2024 03:58:27 UTC] PHP Warning:  Undefined array key "gender" in /var/www/html/wp-content/themes/sage/options.php on line 62
[08-Oct-2024 03:58:37 UTC] PHP Warning:  Undefined array key "full_name" in /var/www/html/wp-content/themes/sage/options.php on line 61
[08-Oct-2024 03:58:38 UTC] PHP Warning:  Undefined array key "gender" in /var/www/html/wp-content/themes/sage/options.php on line 62
[08-Oct-2024 03:58:42 UTC] PHP Warning:  Undefined array key "full_name" in /var/www/html/wp-content/themes/sage/options.php on line 61
[08-Oct-2024 03:58:42 UTC] PHP Warning:  Undefined array key "gender" in /var/www/html/wp-content/themes/sage/options.php on line 62
[08-Oct-2024 03:58:57 UTC] PHP Warning:  Undefined array key "full_name" in /var/www/html/wp-content/themes/sage/options.php on line 61
[08-Oct-2024 03:58:57 UTC] PHP Warning:  Undefined array key "gender" in /var/www/html/wp-content/themes/sage/options.php on line 62
[08-Oct-2024 03:59:12 UTC] PHP Warning:  Undefined array key "full_name" in /var/www/html/wp-content/themes/sage/options.php on line 61
[08-Oct-2024 03:59:12 UTC] PHP Warning:  Undefined array key "gender" in /var/www/html/wp-content/themes/sage/options.php on line 62
[08-Oct-2024 03:59:27 UTC] PHP Warning:  Undefined array key "full_name" in /var/www/html/wp-content/themes/sage/options.php on line 61
[08-Oct-2024 03:59:27 UTC] PHP Warning:  Undefined array key "gender" in /var/www/html/wp-content/themes/sage/options.php on line 62
[08-Oct-2024 03:59:42 UTC] PHP Warning:  Undefined array key "full_name" in /var/www/html/wp-content/themes/sage/options.php on line 61
[08-Oct-2024 03:59:42 UTC] PHP Warning:  Undefined array key "gender" in /var/www/html/wp-content/themes/sage/options.php on line 62
[08-Oct-2024 03:59:57 UTC] PHP Warning:  Undefined array key "full_name" in /var/www/html/wp-content/themes/sage/options.php on line 61
[08-Oct-2024 03:59:57 UTC] PHP Warning:  Undefined array key "gender" in /var/www/html/wp-content/themes/sage/options.php on line 62
[08-Oct-2024 04:00:04 UTC] PHP Warning:  Undefined array key "full_name" in /var/www/html/wp-content/themes/sage/options.php on line 61
[08-Oct-2024 04:00:04 UTC] PHP Warning:  Undefined array key "gender" in /var/www/html/wp-content/themes/sage/options.php on line 62
[08-Oct-2024 04:00:04 UTC] PHP Warning:  Undefined array key "full_name" in /var/www/html/wp-content/themes/sage/options.php on line 61
[08-Oct-2024 04:00:04 UTC] PHP Warning:  Undefined array key "gender" in /var/www/html/wp-content/themes/sage/options.php on line 62
[08-Oct-2024 04:00:05 UTC] PHP Warning:  Undefined array key "full_name" in /var/www/html/wp-content/themes/sage/options.php on line 61
[08-Oct-2024 04:00:05 UTC] PHP Warning:  Undefined array key "gender" in /var/www/html/wp-content/themes/sage/options.php on line 62
[08-Oct-2024 04:00:05 UTC] PHP Warning:  Undefined array key "full_name" in /var/www/html/wp-content/themes/sage/options.php on line 61
[08-Oct-2024 04:00:05 UTC] PHP Warning:  Undefined array key "gender" in /var/www/html/wp-content/themes/sage/options.php on line 62
[08-Oct-2024 04:00:16 UTC] PHP Warning:  Undefined array key "full_name" in /var/www/html/wp-content/themes/sage/options.php on line 61
[08-Oct-2024 04:00:16 UTC] PHP Warning:  Undefined array key "gender" in /var/www/html/wp-content/themes/sage/options.php on line 62
[08-Oct-2024 04:00:20 UTC] PHP Warning:  Undefined array key "full_name" in /var/www/html/wp-content/themes/sage/options.php on line 61
[08-Oct-2024 04:00:20 UTC] PHP Warning:  Undefined array key "gender" in /var/www/html/wp-content/themes/sage/options.php on line 62
[08-Oct-2024 04:00:24 UTC] PHP Warning:  Undefined array key "full_name" in /var/www/html/wp-content/themes/sage/options.php on line 61
[08-Oct-2024 04:00:24 UTC] PHP Warning:  Undefined array key "gender" in /var/www/html/wp-content/themes/sage/options.php on line 62
[08-Oct-2024 04:00:24 UTC] PHP Warning:  Undefined array key "full_name" in /var/www/html/wp-content/themes/sage/options.php on line 61
[08-Oct-2024 04:00:24 UTC] PHP Warning:  Undefined array key "gender" in /var/www/html/wp-content/themes/sage/options.php on line 62
[08-Oct-2024 04:00:24 UTC] PHP Warning:  Undefined array key "full_name" in /var/www/html/wp-content/themes/sage/options.php on line 61
[08-Oct-2024 04:00:24 UTC] PHP Warning:  Undefined array key "gender" in /var/www/html/wp-content/themes/sage/options.php on line 62
[08-Oct-2024 04:00:27 UTC] PHP Warning:  Undefined array key "full_name" in /var/www/html/wp-content/themes/sage/options.php on line 61
[08-Oct-2024 04:00:27 UTC] PHP Warning:  Undefined array key "gender" in /var/www/html/wp-content/themes/sage/options.php on line 62
[08-Oct-2024 04:00:27 UTC] PHP Warning:  Undefined array key "full_name" in /var/www/html/wp-content/themes/sage/options.php on line 61
[08-Oct-2024 04:00:27 UTC] PHP Warning:  Undefined array key "gender" in /var/www/html/wp-content/themes/sage/options.php on line 62
[08-Oct-2024 04:00:30 UTC] PHP Warning:  Undefined array key "full_name" in /var/www/html/wp-content/themes/sage/options.php on line 61
[08-Oct-2024 04:00:30 UTC] PHP Warning:  Undefined array key "gender" in /var/www/html/wp-content/themes/sage/options.php on line 62
[08-Oct-2024 04:00:32 UTC] PHP Warning:  Undefined array key "full_name" in /var/www/html/wp-content/themes/sage/options.php on line 61
[08-Oct-2024 04:00:32 UTC] PHP Warning:  Undefined array key "gender" in /var/www/html/wp-content/themes/sage/options.php on line 62
[08-Oct-2024 04:00:32 UTC] PHP Warning:  Undefined array key "full_name" in /var/www/html/wp-content/themes/sage/options.php on line 61
[08-Oct-2024 04:00:32 UTC] PHP Warning:  Undefined array key "gender" in /var/www/html/wp-content/themes/sage/options.php on line 62
[08-Oct-2024 04:00:32 UTC] PHP Warning:  Undefined array key "full_name" in /var/www/html/wp-content/themes/sage/options.php on line 61
[08-Oct-2024 04:00:32 UTC] PHP Warning:  Undefined array key "gender" in /var/www/html/wp-content/themes/sage/options.php on line 62
[08-Oct-2024 04:00:36 UTC] PHP Warning:  Undefined array key "full_name" in /var/www/html/wp-content/themes/sage/options.php on line 61
[08-Oct-2024 04:00:36 UTC] PHP Warning:  Undefined array key "gender" in /var/www/html/wp-content/themes/sage/options.php on line 62
[08-Oct-2024 04:00:36 UTC] PHP Warning:  Undefined array key "full_name" in /var/www/html/wp-content/themes/sage/options.php on line 61
[08-Oct-2024 04:00:36 UTC] PHP Warning:  Undefined array key "gender" in /var/www/html/wp-content/themes/sage/options.php on line 62
[08-Oct-2024 04:00:38 UTC] PHP Warning:  Undefined array key "full_name" in /var/www/html/wp-content/themes/sage/options.php on line 61
[08-Oct-2024 04:00:38 UTC] PHP Warning:  Undefined array key "gender" in /var/www/html/wp-content/themes/sage/options.php on line 62
[08-Oct-2024 04:00:38 UTC] PHP Warning:  Undefined array key "full_name" in /var/www/html/wp-content/themes/sage/options.php on line 61
[08-Oct-2024 04:00:38 UTC] PHP Warning:  Undefined array key "gender" in /var/www/html/wp-content/themes/sage/options.php on line 62
[08-Oct-2024 04:00:39 UTC] PHP Warning:  Undefined array key "full_name" in /var/www/html/wp-content/themes/sage/options.php on line 61
[08-Oct-2024 04:00:39 UTC] PHP Warning:  Undefined array key "gender" in /var/www/html/wp-content/themes/sage/options.php on line 62
[08-Oct-2024 04:00:40 UTC] PHP Warning:  Undefined array key "full_name" in /var/www/html/wp-content/themes/sage/options.php on line 61
[08-Oct-2024 04:00:40 UTC] PHP Warning:  Undefined array key "gender" in /var/www/html/wp-content/themes/sage/options.php on line 62
[08-Oct-2024 04:00:44 UTC] PHP Warning:  Undefined array key "full_name" in /var/www/html/wp-content/themes/sage/options.php on line 61
[08-Oct-2024 04:00:44 UTC] PHP Warning:  Undefined array key "gender" in /var/www/html/wp-content/themes/sage/options.php on line 62
[08-Oct-2024 04:00:45 UTC] PHP Warning:  Undefined array key "full_name" in /var/www/html/wp-content/themes/sage/options.php on line 61
[08-Oct-2024 04:00:45 UTC] PHP Warning:  Undefined array key "gender" in /var/www/html/wp-content/themes/sage/options.php on line 62
[08-Oct-2024 04:00:46 UTC] PHP Warning:  Undefined array key "full_name" in /var/www/html/wp-content/themes/sage/options.php on line 61
[08-Oct-2024 04:00:46 UTC] PHP Warning:  Undefined array key "gender" in /var/www/html/wp-content/themes/sage/options.php on line 62
[08-Oct-2024 04:00:48 UTC] PHP Warning:  Undefined array key "full_name" in /var/www/html/wp-content/themes/sage/options.php on line 61
[08-Oct-2024 04:00:48 UTC] PHP Warning:  Undefined array key "full_name" in /var/www/html/wp-content/themes/sage/options.php on line 61
[08-Oct-2024 04:00:48 UTC] PHP Warning:  Undefined array key "gender" in /var/www/html/wp-content/themes/sage/options.php on line 62
[08-Oct-2024 04:00:48 UTC] PHP Warning:  Undefined array key "gender" in /var/www/html/wp-content/themes/sage/options.php on line 62
[08-Oct-2024 04:00:48 UTC] PHP Warning:  Undefined array key "full_name" in /var/www/html/wp-content/themes/sage/options.php on line 61
[08-Oct-2024 04:00:48 UTC] PHP Warning:  Undefined array key "gender" in /var/www/html/wp-content/themes/sage/options.php on line 62
[08-Oct-2024 04:00:48 UTC] PHP Warning:  Undefined array key "full_name" in /var/www/html/wp-content/themes/sage/options.php on line 61
[08-Oct-2024 04:00:48 UTC] PHP Warning:  Undefined array key "gender" in /var/www/html/wp-content/themes/sage/options.php on line 62
[08-Oct-2024 04:00:48 UTC] PHP Warning:  Undefined array key "full_name" in /var/www/html/wp-content/themes/sage/options.php on line 61
[08-Oct-2024 04:00:48 UTC] PHP Warning:  Undefined array key "full_name" in /var/www/html/wp-content/themes/sage/options.php on line 61
[08-Oct-2024 04:00:48 UTC] PHP Warning:  Undefined array key "gender" in /var/www/html/wp-content/themes/sage/options.php on line 62
[08-Oct-2024 04:00:48 UTC] PHP Warning:  Undefined array key "gender" in /var/www/html/wp-content/themes/sage/options.php on line 62
[08-Oct-2024 04:00:48 UTC] PHP Warning:  Undefined array key "full_name" in /var/www/html/wp-content/themes/sage/options.php on line 61
[08-Oct-2024 04:00:48 UTC] PHP Warning:  Undefined array key "gender" in /var/www/html/wp-content/themes/sage/options.php on line 62
[08-Oct-2024 04:00:48 UTC] PHP Warning:  Undefined array key "full_name" in /var/www/html/wp-content/themes/sage/options.php on line 61
[08-Oct-2024 04:00:48 UTC] PHP Warning:  Undefined array key "gender" in /var/www/html/wp-content/themes/sage/options.php on line 62
[08-Oct-2024 04:00:48 UTC] PHP Warning:  Undefined array key "full_name" in /var/www/html/wp-content/themes/sage/options.php on line 61
[08-Oct-2024 04:00:48 UTC] PHP Warning:  Undefined array key "gender" in /var/www/html/wp-content/themes/sage/options.php on line 62
[08-Oct-2024 04:00:48 UTC] PHP Warning:  Undefined array key "full_name" in /var/www/html/wp-content/themes/sage/options.php on line 61
[08-Oct-2024 04:00:48 UTC] PHP Warning:  Undefined array key "full_name" in /var/www/html/wp-content/themes/sage/options.php on line 61
[08-Oct-2024 04:00:48 UTC] PHP Warning:  Undefined array key "gender" in /var/www/html/wp-content/themes/sage/options.php on line 62
[08-Oct-2024 04:00:48 UTC] PHP Warning:  Undefined array key "gender" in /var/www/html/wp-content/themes/sage/options.php on line 62
[08-Oct-2024 04:00:48 UTC] PHP Warning:  Undefined array key "full_name" in /var/www/html/wp-content/themes/sage/options.php on line 61
[08-Oct-2024 04:00:48 UTC] PHP Warning:  Undefined array key "gender" in /var/www/html/wp-content/themes/sage/options.php on line 62
[08-Oct-2024 04:00:48 UTC] PHP Warning:  Undefined array key "full_name" in /var/www/html/wp-content/themes/sage/options.php on line 61
[08-Oct-2024 04:00:48 UTC] PHP Warning:  Undefined array key "gender" in /var/www/html/wp-content/themes/sage/options.php on line 62
[08-Oct-2024 04:00:48 UTC] PHP Warning:  Undefined array key "full_name" in /var/www/html/wp-content/themes/sage/options.php on line 61
[08-Oct-2024 04:00:48 UTC] PHP Warning:  Undefined array key "full_name" in /var/www/html/wp-content/themes/sage/options.php on line 61
[08-Oct-2024 04:00:48 UTC] PHP Warning:  Undefined array key "gender" in /var/www/html/wp-content/themes/sage/options.php on line 62
[08-Oct-2024 04:00:48 UTC] PHP Warning:  Undefined array key "gender" in /var/www/html/wp-content/themes/sage/options.php on line 62
[08-Oct-2024 04:00:48 UTC] PHP Warning:  Undefined array key "full_name" in /var/www/html/wp-content/themes/sage/options.php on line 61
[08-Oct-2024 04:00:48 UTC] PHP Warning:  Undefined array key "gender" in /var/www/html/wp-content/themes/sage/options.php on line 62
[08-Oct-2024 04:00:48 UTC] PHP Warning:  Undefined array key "full_name" in /var/www/html/wp-content/themes/sage/options.php on line 61
[08-Oct-2024 04:00:48 UTC] PHP Warning:  Undefined array key "gender" in /var/www/html/wp-content/themes/sage/options.php on line 62
[08-Oct-2024 04:00:54 UTC] PHP Warning:  Undefined array key "full_name" in /var/www/html/wp-content/themes/sage/options.php on line 61
[08-Oct-2024 04:00:54 UTC] PHP Warning:  Undefined array key "gender" in /var/www/html/wp-content/themes/sage/options.php on line 62
[08-Oct-2024 04:00:56 UTC] PHP Warning:  Undefined array key "full_name" in /var/www/html/wp-content/themes/sage/options.php on line 61
[08-Oct-2024 04:00:56 UTC] PHP Warning:  Undefined array key "gender" in /var/www/html/wp-content/themes/sage/options.php on line 62
[08-Oct-2024 04:01:00 UTC] PHP Warning:  Undefined array key "full_name" in /var/www/html/wp-content/themes/sage/options.php on line 61
[08-Oct-2024 04:01:00 UTC] PHP Warning:  Undefined array key "gender" in /var/www/html/wp-content/themes/sage/options.php on line 62
[08-Oct-2024 04:01:00 UTC] PHP Warning:  Undefined array key "full_name" in /var/www/html/wp-content/themes/sage/options.php on line 61
[08-Oct-2024 04:01:00 UTC] PHP Warning:  Undefined array key "gender" in /var/www/html/wp-content/themes/sage/options.php on line 62
[08-Oct-2024 04:01:10 UTC] PHP Warning:  Undefined array key "full_name" in /var/www/html/wp-content/themes/sage/options.php on line 61
[08-Oct-2024 04:01:10 UTC] PHP Warning:  Undefined array key "gender" in /var/www/html/wp-content/themes/sage/options.php on line 62
[08-Oct-2024 04:01:29 UTC] PHP Warning:  Undefined array key "full_name" in /var/www/html/wp-content/themes/sage/options.php on line 61
[08-Oct-2024 04:01:29 UTC] PHP Warning:  Undefined array key "full_name" in /var/www/html/wp-content/themes/sage/options.php on line 61
[08-Oct-2024 04:01:29 UTC] PHP Warning:  Undefined array key "gender" in /var/www/html/wp-content/themes/sage/options.php on line 62
[08-Oct-2024 04:01:29 UTC] PHP Warning:  Undefined array key "gender" in /var/www/html/wp-content/themes/sage/options.php on line 62
[08-Oct-2024 04:01:30 UTC] PHP Warning:  Undefined array key "full_name" in /var/www/html/wp-content/themes/sage/options.php on line 61
[08-Oct-2024 04:01:30 UTC] PHP Warning:  Undefined array key "full_name" in /var/www/html/wp-content/themes/sage/options.php on line 61
[08-Oct-2024 04:01:30 UTC] PHP Warning:  Undefined array key "gender" in /var/www/html/wp-content/themes/sage/options.php on line 62
[08-Oct-2024 04:01:30 UTC] PHP Warning:  Undefined array key "gender" in /var/www/html/wp-content/themes/sage/options.php on line 62
[08-Oct-2024 04:01:34 UTC] PHP Warning:  Undefined array key "full_name" in /var/www/html/wp-content/themes/sage/options.php on line 61
[08-Oct-2024 04:01:34 UTC] PHP Warning:  Undefined array key "gender" in /var/www/html/wp-content/themes/sage/options.php on line 62
[08-Oct-2024 04:01:36 UTC] PHP Warning:  Undefined array key "full_name" in /var/www/html/wp-content/themes/sage/options.php on line 61
[08-Oct-2024 04:01:36 UTC] PHP Warning:  Undefined array key "full_name" in /var/www/html/wp-content/themes/sage/options.php on line 61
[08-Oct-2024 04:01:36 UTC] PHP Warning:  Undefined array key "gender" in /var/www/html/wp-content/themes/sage/options.php on line 62
[08-Oct-2024 04:01:36 UTC] PHP Warning:  Undefined array key "gender" in /var/www/html/wp-content/themes/sage/options.php on line 62
[08-Oct-2024 04:01:45 UTC] PHP Warning:  Undefined array key "full_name" in /var/www/html/wp-content/themes/sage/options.php on line 61
[08-Oct-2024 04:01:45 UTC] PHP Warning:  Undefined array key "gender" in /var/www/html/wp-content/themes/sage/options.php on line 62
[08-Oct-2024 04:01:46 UTC] PHP Warning:  Undefined array key "full_name" in /var/www/html/wp-content/themes/sage/options.php on line 61
[08-Oct-2024 04:01:46 UTC] PHP Warning:  Undefined array key "gender" in /var/www/html/wp-content/themes/sage/options.php on line 62
[08-Oct-2024 04:01:46 UTC] PHP Warning:  Undefined array key "full_name" in /var/www/html/wp-content/themes/sage/options.php on line 61
[08-Oct-2024 04:01:46 UTC] PHP Warning:  Undefined array key "gender" in /var/www/html/wp-content/themes/sage/options.php on line 62
[08-Oct-2024 04:01:46 UTC] PHP Warning:  Undefined array key "full_name" in /var/www/html/wp-content/themes/sage/options.php on line 61
[08-Oct-2024 04:01:46 UTC] PHP Warning:  Undefined array key "gender" in /var/www/html/wp-content/themes/sage/options.php on line 62
[08-Oct-2024 04:01:46 UTC] PHP Warning:  Undefined array key "full_name" in /var/www/html/wp-content/themes/sage/options.php on line 61
[08-Oct-2024 04:01:46 UTC] PHP Warning:  Undefined array key "gender" in /var/www/html/wp-content/themes/sage/options.php on line 62
[08-Oct-2024 04:01:47 UTC] PHP Warning:  Undefined array key "full_name" in /var/www/html/wp-content/themes/sage/options.php on line 61
[08-Oct-2024 04:01:47 UTC] PHP Warning:  Undefined array key "full_name" in /var/www/html/wp-content/themes/sage/options.php on line 61
[08-Oct-2024 04:01:47 UTC] PHP Warning:  Undefined array key "gender" in /var/www/html/wp-content/themes/sage/options.php on line 62
[08-Oct-2024 04:01:47 UTC] PHP Warning:  Undefined array key "gender" in /var/www/html/wp-content/themes/sage/options.php on line 62
[08-Oct-2024 04:01:47 UTC] PHP Warning:  Undefined array key "full_name" in /var/www/html/wp-content/themes/sage/options.php on line 61
[08-Oct-2024 04:01:47 UTC] PHP Warning:  Undefined array key "gender" in /var/www/html/wp-content/themes/sage/options.php on line 62
[08-Oct-2024 04:01:47 UTC] PHP Warning:  Undefined array key "full_name" in /var/www/html/wp-content/themes/sage/options.php on line 61
[08-Oct-2024 04:01:47 UTC] PHP Warning:  Undefined array key "gender" in /var/www/html/wp-content/themes/sage/options.php on line 62
[08-Oct-2024 04:01:51 UTC] PHP Warning:  Undefined array key "full_name" in /var/www/html/wp-content/themes/sage/options.php on line 61
[08-Oct-2024 04:01:51 UTC] PHP Warning:  Undefined array key "full_name" in /var/www/html/wp-content/themes/sage/options.php on line 61
[08-Oct-2024 04:01:51 UTC] PHP Warning:  Undefined array key "gender" in /var/www/html/wp-content/themes/sage/options.php on line 62
[08-Oct-2024 04:01:51 UTC] PHP Warning:  Undefined array key "gender" in /var/www/html/wp-content/themes/sage/options.php on line 62
[08-Oct-2024 04:02:01 UTC] PHP Warning:  Undefined array key "full_name" in /var/www/html/wp-content/themes/sage/options.php on line 61
[08-Oct-2024 04:02:01 UTC] PHP Warning:  Undefined array key "gender" in /var/www/html/wp-content/themes/sage/options.php on line 62
[08-Oct-2024 04:02:01 UTC] PHP Warning:  Undefined array key "full_name" in /var/www/html/wp-content/themes/sage/options.php on line 61
[08-Oct-2024 04:02:01 UTC] PHP Warning:  Undefined array key "gender" in /var/www/html/wp-content/themes/sage/options.php on line 62
[08-Oct-2024 04:02:02 UTC] PHP Warning:  Undefined array key "full_name" in /var/www/html/wp-content/themes/sage/options.php on line 61
[08-Oct-2024 04:02:03 UTC] PHP Warning:  Undefined array key "full_name" in /var/www/html/wp-content/themes/sage/options.php on line 61
[08-Oct-2024 04:02:03 UTC] PHP Warning:  Undefined array key "full_name" in /var/www/html/wp-content/themes/sage/options.php on line 61
[08-Oct-2024 04:02:03 UTC] PHP Warning:  Undefined array key "gender" in /var/www/html/wp-content/themes/sage/options.php on line 62
[08-Oct-2024 04:02:03 UTC] PHP Warning:  Undefined array key "gender" in /var/www/html/wp-content/themes/sage/options.php on line 62
[08-Oct-2024 04:02:03 UTC] PHP Warning:  Undefined array key "gender" in /var/www/html/wp-content/themes/sage/options.php on line 62
[08-Oct-2024 04:02:03 UTC] PHP Warning:  Undefined array key "full_name" in /var/www/html/wp-content/themes/sage/options.php on line 61
[08-Oct-2024 04:02:03 UTC] PHP Warning:  Undefined array key "gender" in /var/www/html/wp-content/themes/sage/options.php on line 62
[08-Oct-2024 04:02:03 UTC] PHP Warning:  Undefined array key "full_name" in /var/www/html/wp-content/themes/sage/options.php on line 61
[08-Oct-2024 04:02:03 UTC] PHP Warning:  Undefined array key "gender" in /var/www/html/wp-content/themes/sage/options.php on line 62
[08-Oct-2024 04:02:03 UTC] PHP Warning:  Undefined array key "full_name" in /var/www/html/wp-content/themes/sage/options.php on line 61
[08-Oct-2024 04:02:03 UTC] PHP Warning:  Undefined array key "gender" in /var/www/html/wp-content/themes/sage/options.php on line 62
[08-Oct-2024 04:02:03 UTC] PHP Warning:  Undefined array key "full_name" in /var/www/html/wp-content/themes/sage/options.php on line 61
[08-Oct-2024 04:02:03 UTC] PHP Warning:  Undefined array key "gender" in /var/www/html/wp-content/themes/sage/options.php on line 62
[08-Oct-2024 04:02:03 UTC] PHP Warning:  Undefined array key "full_name" in /var/www/html/wp-content/themes/sage/options.php on line 61
[08-Oct-2024 04:02:03 UTC] PHP Warning:  Undefined array key "gender" in /var/www/html/wp-content/themes/sage/options.php on line 62
[08-Oct-2024 04:02:03 UTC] PHP Warning:  Undefined array key "full_name" in /var/www/html/wp-content/themes/sage/options.php on line 61
[08-Oct-2024 04:02:03 UTC] PHP Warning:  Undefined array key "full_name" in /var/www/html/wp-content/themes/sage/options.php on line 61
[08-Oct-2024 04:02:03 UTC] PHP Warning:  Undefined array key "full_name" in /var/www/html/wp-content/themes/sage/options.php on line 61
[08-Oct-2024 04:02:03 UTC] PHP Warning:  Undefined array key "gender" in /var/www/html/wp-content/themes/sage/options.php on line 62
[08-Oct-2024 04:02:03 UTC] PHP Warning:  Undefined array key "gender" in /var/www/html/wp-content/themes/sage/options.php on line 62
[08-Oct-2024 04:02:03 UTC] PHP Warning:  Undefined array key "gender" in /var/www/html/wp-content/themes/sage/options.php on line 62
[08-Oct-2024 04:02:04 UTC] PHP Warning:  Undefined array key "full_name" in /var/www/html/wp-content/themes/sage/options.php on line 61
[08-Oct-2024 04:02:04 UTC] PHP Warning:  Undefined array key "gender" in /var/www/html/wp-content/themes/sage/options.php on line 62
[08-Oct-2024 04:02:04 UTC] PHP Warning:  Undefined array key "full_name" in /var/www/html/wp-content/themes/sage/options.php on line 61
[08-Oct-2024 04:02:04 UTC] PHP Warning:  Undefined array key "gender" in /var/www/html/wp-content/themes/sage/options.php on line 62
[08-Oct-2024 04:02:04 UTC] PHP Warning:  Undefined array key "full_name" in /var/www/html/wp-content/themes/sage/options.php on line 61
[08-Oct-2024 04:02:04 UTC] PHP Warning:  Undefined array key "gender" in /var/www/html/wp-content/themes/sage/options.php on line 62
[08-Oct-2024 04:02:04 UTC] PHP Warning:  Undefined array key "full_name" in /var/www/html/wp-content/themes/sage/options.php on line 61
[08-Oct-2024 04:02:04 UTC] PHP Warning:  Undefined array key "gender" in /var/www/html/wp-content/themes/sage/options.php on line 62
[08-Oct-2024 04:02:04 UTC] PHP Warning:  Undefined array key "full_name" in /var/www/html/wp-content/themes/sage/options.php on line 61
[08-Oct-2024 04:02:04 UTC] PHP Warning:  Undefined array key "gender" in /var/www/html/wp-content/themes/sage/options.php on line 62
[08-Oct-2024 04:02:04 UTC] PHP Warning:  Undefined array key "full_name" in /var/www/html/wp-content/themes/sage/options.php on line 61
[08-Oct-2024 04:02:04 UTC] PHP Warning:  Undefined array key "gender" in /var/www/html/wp-content/themes/sage/options.php on line 62
[08-Oct-2024 04:02:04 UTC] PHP Warning:  Undefined array key "full_name" in /var/www/html/wp-content/themes/sage/options.php on line 61
[08-Oct-2024 04:02:04 UTC] PHP Warning:  Undefined array key "gender" in /var/www/html/wp-content/themes/sage/options.php on line 62
[08-Oct-2024 04:02:08 UTC] PHP Warning:  Undefined array key "full_name" in /var/www/html/wp-content/themes/sage/options.php on line 61
[08-Oct-2024 04:02:08 UTC] PHP Warning:  Undefined array key "full_name" in /var/www/html/wp-content/themes/sage/options.php on line 61
[08-Oct-2024 04:02:08 UTC] PHP Warning:  Undefined array key "gender" in /var/www/html/wp-content/themes/sage/options.php on line 62
[08-Oct-2024 04:02:08 UTC] PHP Warning:  Undefined array key "gender" in /var/www/html/wp-content/themes/sage/options.php on line 62
[08-Oct-2024 04:02:08 UTC] PHP Warning:  Undefined array key "full_name" in /var/www/html/wp-content/themes/sage/options.php on line 61
[08-Oct-2024 04:02:08 UTC] PHP Warning:  Undefined array key "gender" in /var/www/html/wp-content/themes/sage/options.php on line 62
[08-Oct-2024 04:02:24 UTC] PHP Warning:  Undefined array key "full_name" in /var/www/html/wp-content/themes/sage/options.php on line 61
[08-Oct-2024 04:02:24 UTC] PHP Warning:  Undefined array key "gender" in /var/www/html/wp-content/themes/sage/options.php on line 62
[08-Oct-2024 04:03:10 UTC] PHP Warning:  Undefined array key "full_name" in /var/www/html/wp-content/themes/sage/options.php on line 61
[08-Oct-2024 04:03:10 UTC] PHP Warning:  Undefined array key "gender" in /var/www/html/wp-content/themes/sage/options.php on line 62
[08-Oct-2024 04:03:26 UTC] PHP Warning:  Undefined array key "full_name" in /var/www/html/wp-content/themes/sage/options.php on line 61
[08-Oct-2024 04:03:26 UTC] PHP Warning:  Undefined array key "gender" in /var/www/html/wp-content/themes/sage/options.php on line 62
[08-Oct-2024 04:05:04 UTC] PHP Warning:  Undefined array key "full_name" in /var/www/html/wp-content/themes/sage/options.php on line 61
[08-Oct-2024 04:05:04 UTC] PHP Warning:  Undefined array key "gender" in /var/www/html/wp-content/themes/sage/options.php on line 62
[08-Oct-2024 04:05:19 UTC] PHP Warning:  Undefined array key "full_name" in /var/www/html/wp-content/themes/sage/options.php on line 61
[08-Oct-2024 04:05:19 UTC] PHP Warning:  Undefined array key "gender" in /var/www/html/wp-content/themes/sage/options.php on line 62
[08-Oct-2024 04:06:48 UTC] PHP Warning:  Undefined array key "full_name" in /var/www/html/wp-content/themes/sage/options.php on line 61
[08-Oct-2024 04:06:48 UTC] PHP Warning:  Undefined array key "gender" in /var/www/html/wp-content/themes/sage/options.php on line 62
[08-Oct-2024 04:07:04 UTC] PHP Warning:  Undefined array key "full_name" in /var/www/html/wp-content/themes/sage/options.php on line 61
[08-Oct-2024 04:07:04 UTC] PHP Warning:  Undefined array key "gender" in /var/www/html/wp-content/themes/sage/options.php on line 62
[08-Oct-2024 04:09:05 UTC] PHP Warning:  Undefined array key "full_name" in /var/www/html/wp-content/themes/sage/options.php on line 61
[08-Oct-2024 04:09:05 UTC] PHP Warning:  Undefined array key "gender" in /var/www/html/wp-content/themes/sage/options.php on line 62
[08-Oct-2024 04:11:06 UTC] PHP Warning:  Undefined array key "full_name" in /var/www/html/wp-content/themes/sage/options.php on line 61
[08-Oct-2024 04:11:06 UTC] PHP Warning:  Undefined array key "gender" in /var/www/html/wp-content/themes/sage/options.php on line 62
[08-Oct-2024 04:11:06 UTC] PHP Warning:  Undefined array key "full_name" in /var/www/html/wp-content/themes/sage/options.php on line 61
[08-Oct-2024 04:11:06 UTC] PHP Warning:  Undefined array key "gender" in /var/www/html/wp-content/themes/sage/options.php on line 62
[08-Oct-2024 04:13:07 UTC] PHP Warning:  Undefined array key "full_name" in /var/www/html/wp-content/themes/sage/options.php on line 61
[08-Oct-2024 04:13:07 UTC] PHP Warning:  Undefined array key "gender" in /var/www/html/wp-content/themes/sage/options.php on line 62
[08-Oct-2024 04:15:08 UTC] PHP Warning:  Undefined array key "full_name" in /var/www/html/wp-content/themes/sage/options.php on line 61
[08-Oct-2024 04:15:08 UTC] PHP Warning:  Undefined array key "gender" in /var/www/html/wp-content/themes/sage/options.php on line 62
[08-Oct-2024 04:17:09 UTC] PHP Warning:  Undefined array key "full_name" in /var/www/html/wp-content/themes/sage/options.php on line 61
[08-Oct-2024 04:17:09 UTC] PHP Warning:  Undefined array key "gender" in /var/www/html/wp-content/themes/sage/options.php on line 62
